<?xml version="1.0" encoding="UTF-8"?>
<coverage generated="1618755548341" clover="3.2.0">
  <project timestamp="1618755548341" name="All files">
    <metrics statements="99" coveredstatements="98" conditionals="65" coveredconditionals="63" methods="31" coveredmethods="31" elements="195" coveredelements="192" complexity="0" loc="99" ncloc="99" packages="2" files="2" classes="2"/>
    <package name="DropDown">
      <metrics statements="75" coveredstatements="75" conditionals="55" coveredconditionals="54" methods="24" coveredmethods="24"/>
      <file name="dropDown.jsx" path="/home/teainee/Documents/React-Tasks/search-dropdown-menu/src/components/DropDown/dropDown.jsx">
        <metrics statements="75" coveredstatements="75" conditionals="55" coveredconditionals="54" methods="24" coveredmethods="24"/>
        <line num="16" count="25" type="stmt"/>
        <line num="25" count="25" type="stmt"/>
        <line num="26" count="4" type="stmt"/>
        <line num="33" count="25" type="stmt"/>
        <line num="34" count="3" type="stmt"/>
        <line num="40" count="25" type="stmt"/>
        <line num="41" count="1" type="stmt"/>
        <line num="66" count="25" type="stmt"/>
        <line num="67" count="3" type="stmt"/>
        <line num="68" count="3" type="stmt"/>
        <line num="70" count="3" type="stmt"/>
        <line num="71" count="3" type="stmt"/>
        <line num="74" count="3" type="stmt"/>
        <line num="75" count="3" type="stmt"/>
        <line num="76" count="3" type="stmt"/>
        <line num="79" count="3" type="cond" truecount="3" falsecount="1"/>
        <line num="80" count="3" type="stmt"/>
        <line num="90" count="25" type="stmt"/>
        <line num="91" count="7" type="cond" truecount="2" falsecount="0"/>
        <line num="99" count="25" type="stmt"/>
        <line num="100" count="5" type="stmt"/>
        <line num="101" count="5" type="stmt"/>
        <line num="102" count="5" type="stmt"/>
        <line num="103" count="20" type="stmt"/>
        <line num="106" count="5" type="stmt"/>
        <line num="107" count="5" type="cond" truecount="2" falsecount="0"/>
        <line num="108" count="4" type="stmt"/>
        <line num="110" count="1" type="stmt"/>
        <line num="120" count="25" type="stmt"/>
        <line num="121" count="6" type="stmt"/>
        <line num="122" count="6" type="stmt"/>
        <line num="123" count="6" type="stmt"/>
        <line num="125" count="6" type="cond" truecount="2" falsecount="0"/>
        <line num="126" count="1" type="stmt"/>
        <line num="127" count="1" type="stmt"/>
        <line num="128" count="1" type="stmt"/>
        <line num="129" count="1" type="stmt"/>
        <line num="131" count="5" type="stmt"/>
        <line num="132" count="5" type="stmt"/>
        <line num="133" count="5" type="stmt"/>
        <line num="134" count="5" type="cond" truecount="2" falsecount="0"/>
        <line num="135" count="1" type="stmt"/>
        <line num="145" count="25" type="stmt"/>
        <line num="146" count="2" type="stmt"/>
        <line num="148" count="2" type="cond" truecount="2" falsecount="0"/>
        <line num="152" count="1" type="stmt"/>
        <line num="163" count="25" type="stmt"/>
        <line num="164" count="6" type="stmt"/>
        <line num="165" count="6" type="stmt"/>
        <line num="176" count="25" type="stmt"/>
        <line num="177" count="355" type="stmt"/>
        <line num="178" count="355" type="stmt"/>
        <line num="179" count="290" type="stmt"/>
        <line num="186" count="25" type="stmt"/>
        <line num="187" count="47" type="cond" truecount="2" falsecount="0"/>
        <line num="189" count="41" type="stmt"/>
        <line num="196" count="25" type="stmt"/>
        <line num="197" count="15" type="stmt"/>
        <line num="198" count="15" type="cond" truecount="2" falsecount="0"/>
        <line num="199" count="14" type="stmt"/>
        <line num="205" count="1" type="stmt"/>
        <line num="213" count="25" type="stmt"/>
        <line num="214" count="99" type="cond" truecount="4" falsecount="0"/>
        <line num="215" count="3" type="stmt"/>
        <line num="217" count="96" type="stmt"/>
        <line num="225" count="78" type="stmt"/>
        <line num="232" count="78" type="stmt"/>
        <line num="233" count="78" type="cond" truecount="2" falsecount="0"/>
        <line num="235" count="78" type="stmt"/>
        <line num="256" count="54" type="stmt"/>
        <line num="268" count="1" type="stmt"/>
        <line num="342" count="180" type="stmt"/>
        <line num="347" count="7" type="stmt"/>
        <line num="385" count="1" type="stmt"/>
        <line num="416" count="1" type="stmt"/>
      </file>
    </package>
    <package name="SearchBox">
      <metrics statements="24" coveredstatements="23" conditionals="10" coveredconditionals="9" methods="7" coveredmethods="7"/>
      <file name="searchBox.jsx" path="/home/teainee/Documents/React-Tasks/search-dropdown-menu/src/components/SearchBox/searchBox.jsx">
        <metrics statements="24" coveredstatements="23" conditionals="10" coveredconditionals="9" methods="7" coveredmethods="7"/>
        <line num="8" count="9" type="stmt"/>
        <line num="12" count="9" type="stmt"/>
        <line num="13" count="6" type="cond" truecount="2" falsecount="0"/>
        <line num="15" count="9" type="stmt"/>
        <line num="16" count="3" type="stmt"/>
        <line num="17" count="3" type="stmt"/>
        <line num="25" count="9" type="stmt"/>
        <line num="26" count="3" type="stmt"/>
        <line num="27" count="3" type="stmt"/>
        <line num="28" count="3" type="stmt"/>
        <line num="29" count="3" type="stmt"/>
        <line num="30" count="3" type="stmt"/>
        <line num="31" count="3" type="stmt"/>
        <line num="32" count="9" type="cond" truecount="1" falsecount="1"/>
        <line num="33" count="0" type="stmt"/>
        <line num="35" count="9" type="cond" truecount="2" falsecount="0"/>
        <line num="39" count="6" type="stmt"/>
        <line num="44" count="3" type="stmt"/>
        <line num="45" count="3" type="stmt"/>
        <line num="46" count="3" type="stmt"/>
        <line num="53" count="15" type="stmt"/>
        <line num="55" count="15" type="stmt"/>
        <line num="82" count="2" type="stmt"/>
        <line num="114" count="2" type="stmt"/>
      </file>
    </package>
  </project>
</coverage>
