<?xml version="1.0" encoding="UTF-8"?>
<coverage generated="1613380656756" clover="3.2.0">
  <project timestamp="1613380656756" name="All files">
    <metrics statements="23" coveredstatements="23" conditionals="10" coveredconditionals="10" methods="9" coveredmethods="9" elements="42" coveredelements="42" complexity="0" loc="23" ncloc="23" packages="1" files="1" classes="1"/>
    <file name="dropDown.jsx" path="/home/teainee/Documents/React-tasks/search-input-field/src/components/DropDown/dropDown.jsx">
      <metrics statements="23" coveredstatements="23" conditionals="10" coveredconditionals="10" methods="9" coveredmethods="9"/>
      <line num="9" count="8" type="stmt"/>
      <line num="16" count="8" type="stmt"/>
      <line num="17" count="1" type="stmt"/>
      <line num="24" count="8" type="stmt"/>
      <line num="26" count="3" type="stmt"/>
      <line num="27" count="3" type="stmt"/>
      <line num="29" count="3" type="stmt"/>
      <line num="31" count="3" type="stmt"/>
      <line num="38" count="8" type="stmt"/>
      <line num="39" count="4" type="stmt"/>
      <line num="45" count="8" type="stmt"/>
      <line num="46" count="18" type="stmt"/>
      <line num="47" count="18" type="stmt"/>
      <line num="48" count="6" type="stmt"/>
      <line num="55" count="16" type="stmt"/>
      <line num="56" count="16" type="stmt"/>
      <line num="57" count="16" type="cond" truecount="2" falsecount="0"/>
      <line num="58" count="16" type="cond" truecount="2" falsecount="0"/>
      <line num="61" count="16" type="stmt"/>
      <line num="84" count="18" type="stmt"/>
      <line num="89" count="2" type="stmt"/>
      <line num="111" count="1" type="stmt"/>
      <line num="138" count="1" type="stmt"/>
    </file>
  </project>
</coverage>
