{"/home/teainee/Documents/React-Tasks/search-dropdown-menu/src/components/DropDown/dropDown.jsx": {"path":"/home/teainee/Documents/React-Tasks/search-dropdown-menu/src/components/DropDown/dropDown.jsx","statementMap":{"0":{"start":{"line":16,"column":10},"end":{"line":23,"column":3}},"1":{"start":{"line":25,"column":17},"end":{"line":27,"column":3}},"2":{"start":{"line":26,"column":4},"end":{"line":26,"column":53}},"3":{"start":{"line":33,"column":14},"end":{"line":35,"column":3}},"4":{"start":{"line":34,"column":4},"end":{"line":34,"column":47}},"5":{"start":{"line":40,"column":20},"end":{"line":42,"column":3}},"6":{"start":{"line":41,"column":4},"end":{"line":41,"column":56}},"7":{"start":{"line":66,"column":17},"end":{"line":81,"column":3}},"8":{"start":{"line":67,"column":27},"end":{"line":67,"column":37}},"9":{"start":{"line":68,"column":33},"end":{"line":68,"column":43}},"10":{"start":{"line":70,"column":19},"end":{"line":72,"column":6}},"11":{"start":{"line":71,"column":6},"end":{"line":71,"column":57}},"12":{"start":{"line":74,"column":4},"end":{"line":74,"column":35}},"13":{"start":{"line":75,"column":4},"end":{"line":77,"column":7}},"14":{"start":{"line":76,"column":6},"end":{"line":76,"column":37}},"15":{"start":{"line":79,"column":4},"end":{"line":80,"column":49}},"16":{"start":{"line":80,"column":6},"end":{"line":80,"column":49}},"17":{"start":{"line":90,"column":25},"end":{"line":94,"column":3}},"18":{"start":{"line":91,"column":4},"end":{"line":93,"column":31}},"19":{"start":{"line":99,"column":18},"end":{"line":113,"column":3}},"20":{"start":{"line":100,"column":21},"end":{"line":100,"column":31}},"21":{"start":{"line":101,"column":26},"end":{"line":101,"column":36}},"22":{"start":{"line":102,"column":19},"end":{"line":104,"column":6}},"23":{"start":{"line":103,"column":6},"end":{"line":103,"column":21}},"24":{"start":{"line":106,"column":4},"end":{"line":112,"column":7}},"25":{"start":{"line":107,"column":6},"end":{"line":111,"column":7}},"26":{"start":{"line":108,"column":8},"end":{"line":108,"column":46}},"27":{"start":{"line":110,"column":8},"end":{"line":110,"column":42}},"28":{"start":{"line":120,"column":14},"end":{"line":139,"column":3}},"29":{"start":{"line":121,"column":27},"end":{"line":121,"column":37}},"30":{"start":{"line":122,"column":37},"end":{"line":122,"column":47}},"31":{"start":{"line":123,"column":20},"end":{"line":123,"column":50}},"32":{"start":{"line":125,"column":4},"end":{"line":138,"column":5}},"33":{"start":{"line":126,"column":6},"end":{"line":126,"column":53}},"34":{"start":{"line":127,"column":26},"end":{"line":127,"column":36}},"35":{"start":{"line":128,"column":6},"end":{"line":128,"column":22}},"36":{"start":{"line":129,"column":6},"end":{"line":129,"column":20}},"37":{"start":{"line":131,"column":6},"end":{"line":137,"column":9}},"38":{"start":{"line":132,"column":28},"end":{"line":132,"column":38}},"39":{"start":{"line":133,"column":8},"end":{"line":133,"column":28}},"40":{"start":{"line":134,"column":8},"end":{"line":136,"column":9}},"41":{"start":{"line":135,"column":10},"end":{"line":135,"column":45}},"42":{"start":{"line":145,"column":13},"end":{"line":158,"column":3}},"43":{"start":{"line":146,"column":21},"end":{"line":146,"column":31}},"44":{"start":{"line":148,"column":4},"end":{"line":157,"column":5}},"45":{"start":{"line":152,"column":6},"end":{"line":156,"column":9}},"46":{"start":{"line":163,"column":11},"end":{"line":170,"column":3}},"47":{"start":{"line":164,"column":21},"end":{"line":164,"column":31}},"48":{"start":{"line":165,"column":4},"end":{"line":169,"column":7}},"49":{"start":{"line":176,"column":15},"end":{"line":181,"column":3}},"50":{"start":{"line":177,"column":24},"end":{"line":177,"column":34}},"51":{"start":{"line":178,"column":4},"end":{"line":180,"column":6}},"52":{"start":{"line":179,"column":19},"end":{"line":179,"column":55}},"53":{"start":{"line":186,"column":18},"end":{"line":191,"column":3}},"54":{"start":{"line":187,"column":4},"end":{"line":190,"column":5}},"55":{"start":{"line":187,"column":39},"end":{"line":187,"column":52}},"56":{"start":{"line":189,"column":6},"end":{"line":189,"column":18}},"57":{"start":{"line":196,"column":19},"end":{"line":207,"column":3}},"58":{"start":{"line":197,"column":21},"end":{"line":197,"column":31}},"59":{"start":{"line":198,"column":4},"end":{"line":206,"column":5}},"60":{"start":{"line":199,"column":6},"end":{"line":203,"column":9}},"61":{"start":{"line":205,"column":6},"end":{"line":205,"column":13}},"62":{"start":{"line":213,"column":13},"end":{"line":219,"column":3}},"63":{"start":{"line":214,"column":4},"end":{"line":218,"column":5}},"64":{"start":{"line":215,"column":6},"end":{"line":215,"column":19}},"65":{"start":{"line":217,"column":6},"end":{"line":217,"column":18}},"66":{"start":{"line":225,"column":60},"end":{"line":225,"column":70}},"67":{"start":{"line":232,"column":8},"end":{"line":232,"column":18}},"68":{"start":{"line":233,"column":17},"end":{"line":233,"column":54}},"69":{"start":{"line":235,"column":4},"end":{"line":381,"column":6}},"70":{"start":{"line":256,"column":22},"end":{"line":274,"column":24}},"71":{"start":{"line":268,"column":30},"end":{"line":268,"column":64}},"72":{"start":{"line":342,"column":20},"end":{"line":368,"column":22}},"73":{"start":{"line":347,"column":26},"end":{"line":347,"column":60}},"74":{"start":{"line":385,"column":0},"end":{"line":414,"column":2}},"75":{"start":{"line":416,"column":0},"end":{"line":418,"column":2}}},"fnMap":{"0":{"name":"(anonymous_0)","decl":{"start":{"line":25,"column":17},"end":{"line":25,"column":18}},"loc":{"start":{"line":25,"column":39},"end":{"line":27,"column":3}},"line":25},"1":{"name":"(anonymous_1)","decl":{"start":{"line":33,"column":14},"end":{"line":33,"column":15}},"loc":{"start":{"line":33,"column":26},"end":{"line":35,"column":3}},"line":33},"2":{"name":"(anonymous_2)","decl":{"start":{"line":40,"column":20},"end":{"line":40,"column":21}},"loc":{"start":{"line":40,"column":26},"end":{"line":42,"column":3}},"line":40},"3":{"name":"(anonymous_3)","decl":{"start":{"line":66,"column":17},"end":{"line":66,"column":18}},"loc":{"start":{"line":66,"column":29},"end":{"line":81,"column":3}},"line":66},"4":{"name":"(anonymous_4)","decl":{"start":{"line":70,"column":40},"end":{"line":70,"column":41}},"loc":{"start":{"line":70,"column":60},"end":{"line":72,"column":5}},"line":70},"5":{"name":"(anonymous_5)","decl":{"start":{"line":75,"column":46},"end":{"line":75,"column":47}},"loc":{"start":{"line":75,"column":52},"end":{"line":77,"column":5}},"line":75},"6":{"name":"(anonymous_6)","decl":{"start":{"line":90,"column":25},"end":{"line":90,"column":26}},"loc":{"start":{"line":90,"column":37},"end":{"line":94,"column":3}},"line":90},"7":{"name":"(anonymous_7)","decl":{"start":{"line":99,"column":18},"end":{"line":99,"column":19}},"loc":{"start":{"line":99,"column":24},"end":{"line":113,"column":3}},"line":99},"8":{"name":"(anonymous_8)","decl":{"start":{"line":102,"column":28},"end":{"line":102,"column":29}},"loc":{"start":{"line":102,"column":41},"end":{"line":104,"column":5}},"line":102},"9":{"name":"(anonymous_9)","decl":{"start":{"line":106,"column":65},"end":{"line":106,"column":66}},"loc":{"start":{"line":106,"column":71},"end":{"line":112,"column":5}},"line":106},"10":{"name":"(anonymous_10)","decl":{"start":{"line":120,"column":14},"end":{"line":120,"column":15}},"loc":{"start":{"line":120,"column":26},"end":{"line":139,"column":3}},"line":120},"11":{"name":"(anonymous_11)","decl":{"start":{"line":131,"column":45},"end":{"line":131,"column":46}},"loc":{"start":{"line":131,"column":51},"end":{"line":137,"column":7}},"line":131},"12":{"name":"(anonymous_12)","decl":{"start":{"line":145,"column":13},"end":{"line":145,"column":14}},"loc":{"start":{"line":145,"column":24},"end":{"line":158,"column":3}},"line":145},"13":{"name":"(anonymous_13)","decl":{"start":{"line":163,"column":11},"end":{"line":163,"column":12}},"loc":{"start":{"line":163,"column":17},"end":{"line":170,"column":3}},"line":163},"14":{"name":"(anonymous_14)","decl":{"start":{"line":176,"column":15},"end":{"line":176,"column":16}},"loc":{"start":{"line":176,"column":27},"end":{"line":181,"column":3}},"line":176},"15":{"name":"(anonymous_15)","decl":{"start":{"line":179,"column":6},"end":{"line":179,"column":7}},"loc":{"start":{"line":179,"column":19},"end":{"line":179,"column":55}},"line":179},"16":{"name":"(anonymous_16)","decl":{"start":{"line":186,"column":18},"end":{"line":186,"column":19}},"loc":{"start":{"line":186,"column":24},"end":{"line":191,"column":3}},"line":186},"17":{"name":"(anonymous_17)","decl":{"start":{"line":196,"column":19},"end":{"line":196,"column":20}},"loc":{"start":{"line":196,"column":30},"end":{"line":207,"column":3}},"line":196},"18":{"name":"(anonymous_18)","decl":{"start":{"line":213,"column":13},"end":{"line":213,"column":14}},"loc":{"start":{"line":213,"column":19},"end":{"line":219,"column":3}},"line":213},"19":{"name":"(anonymous_19)","decl":{"start":{"line":224,"column":2},"end":{"line":224,"column":3}},"loc":{"start":{"line":224,"column":11},"end":{"line":382,"column":3}},"line":224},"20":{"name":"(anonymous_20)","decl":{"start":{"line":255,"column":35},"end":{"line":255,"column":36}},"loc":{"start":{"line":255,"column":58},"end":{"line":275,"column":21}},"line":255},"21":{"name":"(anonymous_21)","decl":{"start":{"line":267,"column":37},"end":{"line":267,"column":38}},"loc":{"start":{"line":267,"column":43},"end":{"line":269,"column":29}},"line":267},"22":{"name":"(anonymous_22)","decl":{"start":{"line":341,"column":28},"end":{"line":341,"column":29}},"loc":{"start":{"line":341,"column":43},"end":{"line":369,"column":19}},"line":341},"23":{"name":"(anonymous_23)","decl":{"start":{"line":346,"column":33},"end":{"line":346,"column":34}},"loc":{"start":{"line":346,"column":39},"end":{"line":348,"column":25}},"line":346}},"branchMap":{"0":{"loc":{"start":{"line":79,"column":4},"end":{"line":80,"column":49}},"type":"if","locations":[{"start":{"line":79,"column":4},"end":{"line":80,"column":49}},{"start":{"line":79,"column":4},"end":{"line":80,"column":49}}],"line":79},"1":{"loc":{"start":{"line":79,"column":8},"end":{"line":79,"column":56}},"type":"binary-expr","locations":[{"start":{"line":79,"column":8},"end":{"line":79,"column":31}},{"start":{"line":79,"column":35},"end":{"line":79,"column":56}}],"line":79},"2":{"loc":{"start":{"line":91,"column":4},"end":{"line":93,"column":30}},"type":"cond-expr","locations":[{"start":{"line":92,"column":8},"end":{"line":92,"column":33}},{"start":{"line":93,"column":8},"end":{"line":93,"column":30}}],"line":91},"3":{"loc":{"start":{"line":107,"column":6},"end":{"line":111,"column":7}},"type":"if","locations":[{"start":{"line":107,"column":6},"end":{"line":111,"column":7}},{"start":{"line":107,"column":6},"end":{"line":111,"column":7}}],"line":107},"4":{"loc":{"start":{"line":125,"column":4},"end":{"line":138,"column":5}},"type":"if","locations":[{"start":{"line":125,"column":4},"end":{"line":138,"column":5}},{"start":{"line":125,"column":4},"end":{"line":138,"column":5}}],"line":125},"5":{"loc":{"start":{"line":134,"column":8},"end":{"line":136,"column":9}},"type":"if","locations":[{"start":{"line":134,"column":8},"end":{"line":136,"column":9}},{"start":{"line":134,"column":8},"end":{"line":136,"column":9}}],"line":134},"6":{"loc":{"start":{"line":148,"column":4},"end":{"line":157,"column":5}},"type":"if","locations":[{"start":{"line":148,"column":4},"end":{"line":157,"column":5}},{"start":{"line":148,"column":4},"end":{"line":157,"column":5}}],"line":148},"7":{"loc":{"start":{"line":149,"column":6},"end":{"line":150,"column":56}},"type":"binary-expr","locations":[{"start":{"line":149,"column":6},"end":{"line":149,"column":47}},{"start":{"line":150,"column":6},"end":{"line":150,"column":56}}],"line":149},"8":{"loc":{"start":{"line":187,"column":4},"end":{"line":190,"column":5}},"type":"if","locations":[{"start":{"line":187,"column":4},"end":{"line":190,"column":5}},{"start":{"line":187,"column":4},"end":{"line":190,"column":5}}],"line":187},"9":{"loc":{"start":{"line":198,"column":4},"end":{"line":206,"column":5}},"type":"if","locations":[{"start":{"line":198,"column":4},"end":{"line":206,"column":5}},{"start":{"line":198,"column":4},"end":{"line":206,"column":5}}],"line":198},"10":{"loc":{"start":{"line":214,"column":4},"end":{"line":218,"column":5}},"type":"if","locations":[{"start":{"line":214,"column":4},"end":{"line":218,"column":5}},{"start":{"line":214,"column":4},"end":{"line":218,"column":5}}],"line":214},"11":{"loc":{"start":{"line":214,"column":8},"end":{"line":214,"column":70}},"type":"binary-expr","locations":[{"start":{"line":214,"column":8},"end":{"line":214,"column":37}},{"start":{"line":214,"column":41},"end":{"line":214,"column":70}}],"line":214},"12":{"loc":{"start":{"line":233,"column":17},"end":{"line":233,"column":54}},"type":"cond-expr","locations":[{"start":{"line":233,"column":37},"end":{"line":233,"column":47}},{"start":{"line":233,"column":50},"end":{"line":233,"column":54}}],"line":233},"13":{"loc":{"start":{"line":252,"column":15},"end":{"line":282,"column":15}},"type":"cond-expr","locations":[{"start":{"line":253,"column":16},"end":{"line":279,"column":22}},{"start":{"line":281,"column":16},"end":{"line":281,"column":34}}],"line":252},"14":{"loc":{"start":{"line":254,"column":19},"end":{"line":278,"column":19}},"type":"cond-expr","locations":[{"start":{"line":255,"column":20},"end":{"line":275,"column":22}},{"start":{"line":277,"column":20},"end":{"line":277,"column":55}}],"line":254},"15":{"loc":{"start":{"line":262,"column":27},"end":{"line":264,"column":53}},"type":"cond-expr","locations":[{"start":{"line":263,"column":30},"end":{"line":263,"column":78}},{"start":{"line":264,"column":30},"end":{"line":264,"column":53}}],"line":262},"16":{"loc":{"start":{"line":285,"column":15},"end":{"line":294,"column":15}},"type":"cond-expr","locations":[{"start":{"line":286,"column":16},"end":{"line":291,"column":18}},{"start":{"line":293,"column":16},"end":{"line":293,"column":21}}],"line":285},"17":{"loc":{"start":{"line":298,"column":22},"end":{"line":298,"column":56}},"type":"cond-expr","locations":[{"start":{"line":298,"column":33},"end":{"line":298,"column":42}},{"start":{"line":298,"column":45},"end":{"line":298,"column":56}}],"line":298},"18":{"loc":{"start":{"line":303,"column":11},"end":{"line":378,"column":11}},"type":"binary-expr","locations":[{"start":{"line":303,"column":11},"end":{"line":303,"column":19}},{"start":{"line":304,"column":12},"end":{"line":377,"column":18}}],"line":303},"19":{"loc":{"start":{"line":320,"column":15},"end":{"line":371,"column":15}},"type":"binary-expr","locations":[{"start":{"line":320,"column":15},"end":{"line":320,"column":30}},{"start":{"line":321,"column":16},"end":{"line":370,"column":22}}],"line":320},"20":{"loc":{"start":{"line":322,"column":19},"end":{"line":339,"column":19}},"type":"binary-expr","locations":[{"start":{"line":322,"column":19},"end":{"line":322,"column":33}},{"start":{"line":322,"column":37},"end":{"line":322,"column":57}},{"start":{"line":323,"column":20},"end":{"line":338,"column":26}}],"line":322},"21":{"loc":{"start":{"line":328,"column":23},"end":{"line":336,"column":23}},"type":"binary-expr","locations":[{"start":{"line":328,"column":23},"end":{"line":328,"column":37}},{"start":{"line":329,"column":24},"end":{"line":335,"column":26}}],"line":328},"22":{"loc":{"start":{"line":334,"column":32},"end":{"line":334,"column":68}},"type":"cond-expr","locations":[{"start":{"line":334,"column":44},"end":{"line":334,"column":57}},{"start":{"line":334,"column":60},"end":{"line":334,"column":68}}],"line":334},"23":{"loc":{"start":{"line":351,"column":25},"end":{"line":359,"column":25}},"type":"binary-expr","locations":[{"start":{"line":351,"column":25},"end":{"line":351,"column":39}},{"start":{"line":352,"column":26},"end":{"line":358,"column":28}}],"line":351},"24":{"loc":{"start":{"line":356,"column":30},"end":{"line":356,"column":80}},"type":"cond-expr","locations":[{"start":{"line":356,"column":56},"end":{"line":356,"column":69}},{"start":{"line":356,"column":72},"end":{"line":356,"column":80}}],"line":356},"25":{"loc":{"start":{"line":362,"column":35},"end":{"line":362,"column":76}},"type":"cond-expr","locations":[{"start":{"line":362,"column":61},"end":{"line":362,"column":71}},{"start":{"line":362,"column":74},"end":{"line":362,"column":76}}],"line":362},"26":{"loc":{"start":{"line":372,"column":15},"end":{"line":376,"column":15}},"type":"binary-expr","locations":[{"start":{"line":372,"column":15},"end":{"line":372,"column":31}},{"start":{"line":373,"column":16},"end":{"line":375,"column":22}}],"line":372}},"s":{"0":25,"1":25,"2":4,"3":25,"4":3,"5":25,"6":1,"7":25,"8":3,"9":3,"10":3,"11":3,"12":3,"13":3,"14":3,"15":3,"16":3,"17":25,"18":7,"19":25,"20":5,"21":5,"22":5,"23":20,"24":5,"25":5,"26":4,"27":1,"28":25,"29":6,"30":6,"31":6,"32":6,"33":1,"34":1,"35":1,"36":1,"37":5,"38":5,"39":5,"40":5,"41":1,"42":25,"43":2,"44":2,"45":1,"46":25,"47":6,"48":6,"49":25,"50":355,"51":355,"52":290,"53":25,"54":47,"55":6,"56":41,"57":25,"58":15,"59":15,"60":14,"61":1,"62":25,"63":99,"64":3,"65":96,"66":78,"67":78,"68":78,"69":78,"70":54,"71":1,"72":180,"73":7,"74":1,"75":1},"f":{"0":4,"1":3,"2":1,"3":3,"4":3,"5":3,"6":7,"7":5,"8":20,"9":5,"10":6,"11":5,"12":2,"13":6,"14":355,"15":290,"16":47,"17":15,"18":99,"19":78,"20":54,"21":1,"22":180,"23":7},"b":{"0":[3,0],"1":[3,2],"2":[2,5],"3":[4,1],"4":[1,5],"5":[1,4],"6":[1,1],"7":[2,1],"8":[6,41],"9":[14,1],"10":[3,96],"11":[99,5],"12":[50,28],"13":[22,56],"14":[19,3],"15":[2,52],"16":[22,56],"17":[49,29],"18":[78,49],"19":[49,48],"20":[48,45,40],"21":[40,40],"22":[11,29],"23":[180,168],"24":[53,115],"25":[55,125],"26":[49,1]},"_coverageSchema":"1a1c01bbd47fc00a2c39e90264f33305004495a9","hash":"bdb6cc86fa9e68f06c527417a206d5bdff3f08e3"}
,"/home/teainee/Documents/React-Tasks/search-dropdown-menu/src/components/SearchBox/searchBox.jsx": {"path":"/home/teainee/Documents/React-Tasks/search-dropdown-menu/src/components/SearchBox/searchBox.jsx","statementMap":{"0":{"start":{"line":8,"column":10},"end":{"line":11,"column":3}},"1":{"start":{"line":12,"column":23},"end":{"line":14,"column":3}},"2":{"start":{"line":13,"column":4},"end":{"line":13,"column":76}},"3":{"start":{"line":13,"column":58},"end":{"line":13,"column":76}},"4":{"start":{"line":15,"column":17},"end":{"line":19,"column":3}},"5":{"start":{"line":16,"column":4},"end":{"line":18,"column":7}},"6":{"start":{"line":17,"column":6},"end":{"line":17,"column":50}},"7":{"start":{"line":25,"column":15},"end":{"line":47,"column":3}},"8":{"start":{"line":26,"column":15},"end":{"line":26,"column":30}},"9":{"start":{"line":27,"column":28},"end":{"line":27,"column":38}},"10":{"start":{"line":28,"column":17},"end":{"line":28,"column":19}},"11":{"start":{"line":29,"column":21},"end":{"line":29,"column":42}},"12":{"start":{"line":30,"column":4},"end":{"line":42,"column":7}},"13":{"start":{"line":31,"column":6},"end":{"line":41,"column":9}},"14":{"start":{"line":32,"column":8},"end":{"line":34,"column":9}},"15":{"start":{"line":33,"column":10},"end":{"line":33,"column":17}},"16":{"start":{"line":35,"column":8},"end":{"line":40,"column":9}},"17":{"start":{"line":39,"column":10},"end":{"line":39,"column":31}},"18":{"start":{"line":44,"column":4},"end":{"line":44,"column":24}},"19":{"start":{"line":45,"column":4},"end":{"line":45,"column":46}},"20":{"start":{"line":46,"column":4},"end":{"line":46,"column":30}},"21":{"start":{"line":53,"column":51},"end":{"line":53,"column":61}},"22":{"start":{"line":55,"column":4},"end":{"line":79,"column":6}},"23":{"start":{"line":82,"column":0},"end":{"line":112,"column":2}},"24":{"start":{"line":114,"column":0},"end":{"line":118,"column":2}}},"fnMap":{"0":{"name":"(anonymous_0)","decl":{"start":{"line":12,"column":23},"end":{"line":12,"column":24}},"loc":{"start":{"line":12,"column":49},"end":{"line":14,"column":3}},"line":12},"1":{"name":"(anonymous_1)","decl":{"start":{"line":15,"column":17},"end":{"line":15,"column":18}},"loc":{"start":{"line":15,"column":28},"end":{"line":19,"column":3}},"line":15},"2":{"name":"(anonymous_2)","decl":{"start":{"line":16,"column":55},"end":{"line":16,"column":56}},"loc":{"start":{"line":16,"column":61},"end":{"line":18,"column":5}},"line":16},"3":{"name":"(anonymous_3)","decl":{"start":{"line":25,"column":15},"end":{"line":25,"column":16}},"loc":{"start":{"line":25,"column":21},"end":{"line":47,"column":3}},"line":25},"4":{"name":"(anonymous_4)","decl":{"start":{"line":30,"column":23},"end":{"line":30,"column":24}},"loc":{"start":{"line":30,"column":38},"end":{"line":42,"column":5}},"line":30},"5":{"name":"(anonymous_5)","decl":{"start":{"line":31,"column":19},"end":{"line":31,"column":20}},"loc":{"start":{"line":31,"column":32},"end":{"line":41,"column":7}},"line":31},"6":{"name":"(anonymous_6)","decl":{"start":{"line":48,"column":2},"end":{"line":48,"column":3}},"loc":{"start":{"line":48,"column":11},"end":{"line":80,"column":3}},"line":48}},"branchMap":{"0":{"loc":{"start":{"line":13,"column":4},"end":{"line":13,"column":76}},"type":"if","locations":[{"start":{"line":13,"column":4},"end":{"line":13,"column":76}},{"start":{"line":13,"column":4},"end":{"line":13,"column":76}}],"line":13},"1":{"loc":{"start":{"line":32,"column":8},"end":{"line":34,"column":9}},"type":"if","locations":[{"start":{"line":32,"column":8},"end":{"line":34,"column":9}},{"start":{"line":32,"column":8},"end":{"line":34,"column":9}}],"line":32},"2":{"loc":{"start":{"line":35,"column":8},"end":{"line":40,"column":9}},"type":"if","locations":[{"start":{"line":35,"column":8},"end":{"line":40,"column":9}},{"start":{"line":35,"column":8},"end":{"line":40,"column":9}}],"line":35},"3":{"loc":{"start":{"line":36,"column":10},"end":{"line":37,"column":78}},"type":"binary-expr","locations":[{"start":{"line":36,"column":10},"end":{"line":36,"column":28}},{"start":{"line":37,"column":10},"end":{"line":37,"column":78}}],"line":36},"4":{"loc":{"start":{"line":60,"column":12},"end":{"line":60,"column":53}},"type":"cond-expr","locations":[{"start":{"line":60,"column":24},"end":{"line":60,"column":33}},{"start":{"line":60,"column":36},"end":{"line":60,"column":53}}],"line":60}},"s":{"0":9,"1":9,"2":6,"3":3,"4":9,"5":3,"6":3,"7":9,"8":3,"9":3,"10":3,"11":3,"12":3,"13":3,"14":9,"15":0,"16":9,"17":6,"18":3,"19":3,"20":3,"21":15,"22":15,"23":2,"24":2},"f":{"0":6,"1":3,"2":3,"3":3,"4":3,"5":9,"6":15},"b":{"0":[3,3],"1":[0,9],"2":[6,3],"3":[9,9],"4":[14,1]},"_coverageSchema":"1a1c01bbd47fc00a2c39e90264f33305004495a9","hash":"32aba2d50f7a6577899927de3045e594dced0ad3"}
}
