{"/home/teainee/Documents/React-tasks/search-input-field/src/components/DropDown/dropDown.jsx": {"path":"/home/teainee/Documents/React-tasks/search-input-field/src/components/DropDown/dropDown.jsx","statementMap":{"0":{"start":{"line":9,"column":10},"end":{"line":14,"column":3}},"1":{"start":{"line":16,"column":14},"end":{"line":18,"column":3}},"2":{"start":{"line":17,"column":4},"end":{"line":17,"column":47}},"3":{"start":{"line":24,"column":14},"end":{"line":33,"column":3}},"4":{"start":{"line":26,"column":24},"end":{"line":26,"column":34}},"5":{"start":{"line":27,"column":20},"end":{"line":27,"column":35}},"6":{"start":{"line":29,"column":4},"end":{"line":32,"column":7}},"7":{"start":{"line":31,"column":6},"end":{"line":31,"column":37}},"8":{"start":{"line":38,"column":11},"end":{"line":40,"column":3}},"9":{"start":{"line":39,"column":4},"end":{"line":39,"column":54}},"10":{"start":{"line":45,"column":15},"end":{"line":50,"column":3}},"11":{"start":{"line":46,"column":24},"end":{"line":46,"column":34}},"12":{"start":{"line":47,"column":4},"end":{"line":49,"column":6}},"13":{"start":{"line":48,"column":19},"end":{"line":48,"column":55}},"14":{"start":{"line":55,"column":49},"end":{"line":55,"column":59}},"15":{"start":{"line":56,"column":55},"end":{"line":56,"column":65}},"16":{"start":{"line":57,"column":17},"end":{"line":57,"column":54}},"17":{"start":{"line":58,"column":27},"end":{"line":60,"column":19}},"18":{"start":{"line":61,"column":4},"end":{"line":107,"column":6}},"19":{"start":{"line":84,"column":16},"end":{"line":101,"column":18}},"20":{"start":{"line":89,"column":22},"end":{"line":89,"column":45}},"21":{"start":{"line":111,"column":0},"end":{"line":136,"column":2}},"22":{"start":{"line":138,"column":0},"end":{"line":140,"column":2}}},"fnMap":{"0":{"name":"(anonymous_0)","decl":{"start":{"line":16,"column":14},"end":{"line":16,"column":15}},"loc":{"start":{"line":16,"column":26},"end":{"line":18,"column":3}},"line":16},"1":{"name":"(anonymous_1)","decl":{"start":{"line":24,"column":14},"end":{"line":24,"column":15}},"loc":{"start":{"line":24,"column":26},"end":{"line":33,"column":3}},"line":24},"2":{"name":"(anonymous_2)","decl":{"start":{"line":29,"column":43},"end":{"line":29,"column":44}},"loc":{"start":{"line":29,"column":49},"end":{"line":32,"column":5}},"line":29},"3":{"name":"(anonymous_3)","decl":{"start":{"line":38,"column":11},"end":{"line":38,"column":12}},"loc":{"start":{"line":38,"column":17},"end":{"line":40,"column":3}},"line":38},"4":{"name":"(anonymous_4)","decl":{"start":{"line":45,"column":15},"end":{"line":45,"column":16}},"loc":{"start":{"line":45,"column":27},"end":{"line":50,"column":3}},"line":45},"5":{"name":"(anonymous_5)","decl":{"start":{"line":48,"column":6},"end":{"line":48,"column":7}},"loc":{"start":{"line":48,"column":19},"end":{"line":48,"column":55}},"line":48},"6":{"name":"(anonymous_6)","decl":{"start":{"line":54,"column":2},"end":{"line":54,"column":3}},"loc":{"start":{"line":54,"column":11},"end":{"line":108,"column":3}},"line":54},"7":{"name":"(anonymous_7)","decl":{"start":{"line":83,"column":24},"end":{"line":83,"column":25}},"loc":{"start":{"line":83,"column":39},"end":{"line":102,"column":15}},"line":83},"8":{"name":"(anonymous_8)","decl":{"start":{"line":88,"column":29},"end":{"line":88,"column":30}},"loc":{"start":{"line":88,"column":35},"end":{"line":90,"column":21}},"line":88}},"branchMap":{"0":{"loc":{"start":{"line":57,"column":17},"end":{"line":57,"column":54}},"type":"cond-expr","locations":[{"start":{"line":57,"column":37},"end":{"line":57,"column":47}},{"start":{"line":57,"column":50},"end":{"line":57,"column":54}}],"line":57},"1":{"loc":{"start":{"line":58,"column":27},"end":{"line":60,"column":19}},"type":"cond-expr","locations":[{"start":{"line":59,"column":8},"end":{"line":59,"column":30}},{"start":{"line":60,"column":8},"end":{"line":60,"column":19}}],"line":58},"2":{"loc":{"start":{"line":70,"column":20},"end":{"line":70,"column":54}},"type":"cond-expr","locations":[{"start":{"line":70,"column":31},"end":{"line":70,"column":40}},{"start":{"line":70,"column":43},"end":{"line":70,"column":54}}],"line":70},"3":{"loc":{"start":{"line":74,"column":11},"end":{"line":104,"column":11}},"type":"binary-expr","locations":[{"start":{"line":74,"column":11},"end":{"line":74,"column":19}},{"start":{"line":75,"column":12},"end":{"line":103,"column":18}}],"line":74},"4":{"loc":{"start":{"line":95,"column":31},"end":{"line":95,"column":72}},"type":"cond-expr","locations":[{"start":{"line":95,"column":57},"end":{"line":95,"column":67}},{"start":{"line":95,"column":70},"end":{"line":95,"column":72}}],"line":95}},"s":{"0":8,"1":8,"2":1,"3":8,"4":3,"5":3,"6":3,"7":3,"8":8,"9":4,"10":8,"11":18,"12":18,"13":6,"14":16,"15":16,"16":16,"17":16,"18":16,"19":18,"20":2,"21":1,"22":1},"f":{"0":1,"1":3,"2":3,"3":4,"4":18,"5":6,"6":16,"7":18,"8":2},"b":{"0":[1,15],"1":[3,13],"2":[6,10],"3":[16,6],"4":[2,16]},"_coverageSchema":"1a1c01bbd47fc00a2c39e90264f33305004495a9","hash":"42be46ce168bce25e873558f1861b2dc9dccf3b6"}
}
