TN:
SF:src/components/DropDown/dropDown.jsx
FN:25,(anonymous_0)
FN:33,(anonymous_1)
FN:40,(anonymous_2)
FN:66,(anonymous_3)
FN:70,(anonymous_4)
FN:75,(anonymous_5)
FN:90,(anonymous_6)
FN:99,(anonymous_7)
FN:102,(anonymous_8)
FN:106,(anonymous_9)
FN:120,(anonymous_10)
FN:131,(anonymous_11)
FN:145,(anonymous_12)
FN:163,(anonymous_13)
FN:176,(anonymous_14)
FN:179,(anonymous_15)
FN:186,(anonymous_16)
FN:196,(anonymous_17)
FN:213,(anonymous_18)
FN:224,(anonymous_19)
FN:255,(anonymous_20)
FN:267,(anonymous_21)
FN:341,(anonymous_22)
FN:346,(anonymous_23)
FNF:24
FNH:24
FNDA:4,(anonymous_0)
FNDA:3,(anonymous_1)
FNDA:1,(anonymous_2)
FNDA:3,(anonymous_3)
FNDA:3,(anonymous_4)
FNDA:3,(anonymous_5)
FNDA:7,(anonymous_6)
FNDA:5,(anonymous_7)
FNDA:20,(anonymous_8)
FNDA:5,(anonymous_9)
FNDA:6,(anonymous_10)
FNDA:5,(anonymous_11)
FNDA:2,(anonymous_12)
FNDA:6,(anonymous_13)
FNDA:355,(anonymous_14)
FNDA:290,(anonymous_15)
FNDA:47,(anonymous_16)
FNDA:15,(anonymous_17)
FNDA:99,(anonymous_18)
FNDA:78,(anonymous_19)
FNDA:54,(anonymous_20)
FNDA:1,(anonymous_21)
FNDA:180,(anonymous_22)
FNDA:7,(anonymous_23)
DA:16,25
DA:25,25
DA:26,4
DA:33,25
DA:34,3
DA:40,25
DA:41,1
DA:66,25
DA:67,3
DA:68,3
DA:70,3
DA:71,3
DA:74,3
DA:75,3
DA:76,3
DA:79,3
DA:80,3
DA:90,25
DA:91,7
DA:99,25
DA:100,5
DA:101,5
DA:102,5
DA:103,20
DA:106,5
DA:107,5
DA:108,4
DA:110,1
DA:120,25
DA:121,6
DA:122,6
DA:123,6
DA:125,6
DA:126,1
DA:127,1
DA:128,1
DA:129,1
DA:131,5
DA:132,5
DA:133,5
DA:134,5
DA:135,1
DA:145,25
DA:146,2
DA:148,2
DA:152,1
DA:163,25
DA:164,6
DA:165,6
DA:176,25
DA:177,355
DA:178,355
DA:179,290
DA:186,25
DA:187,47
DA:189,41
DA:196,25
DA:197,15
DA:198,15
DA:199,14
DA:205,1
DA:213,25
DA:214,99
DA:215,3
DA:217,96
DA:225,78
DA:232,78
DA:233,78
DA:235,78
DA:256,54
DA:268,1
DA:342,180
DA:347,7
DA:385,1
DA:416,1
LF:75
LH:75
BRDA:79,0,0,3
BRDA:79,0,1,0
BRDA:79,1,0,3
BRDA:79,1,1,2
BRDA:91,2,0,2
BRDA:91,2,1,5
BRDA:107,3,0,4
BRDA:107,3,1,1
BRDA:125,4,0,1
BRDA:125,4,1,5
BRDA:134,5,0,1
BRDA:134,5,1,4
BRDA:148,6,0,1
BRDA:148,6,1,1
BRDA:149,7,0,2
BRDA:149,7,1,1
BRDA:187,8,0,6
BRDA:187,8,1,41
BRDA:198,9,0,14
BRDA:198,9,1,1
BRDA:214,10,0,3
BRDA:214,10,1,96
BRDA:214,11,0,99
BRDA:214,11,1,5
BRDA:233,12,0,50
BRDA:233,12,1,28
BRDA:252,13,0,22
BRDA:252,13,1,56
BRDA:254,14,0,19
BRDA:254,14,1,3
BRDA:262,15,0,2
BRDA:262,15,1,52
BRDA:285,16,0,22
BRDA:285,16,1,56
BRDA:298,17,0,49
BRDA:298,17,1,29
BRDA:303,18,0,78
BRDA:303,18,1,49
BRDA:320,19,0,49
BRDA:320,19,1,48
BRDA:322,20,0,48
BRDA:322,20,1,45
BRDA:322,20,2,40
BRDA:328,21,0,40
BRDA:328,21,1,40
BRDA:334,22,0,11
BRDA:334,22,1,29
BRDA:351,23,0,180
BRDA:351,23,1,168
BRDA:356,24,0,53
BRDA:356,24,1,115
BRDA:362,25,0,55
BRDA:362,25,1,125
BRDA:372,26,0,49
BRDA:372,26,1,1
BRF:55
BRH:54
end_of_record
TN:
SF:src/components/SearchBox/searchBox.jsx
FN:12,(anonymous_0)
FN:15,(anonymous_1)
FN:16,(anonymous_2)
FN:25,(anonymous_3)
FN:30,(anonymous_4)
FN:31,(anonymous_5)
FN:48,(anonymous_6)
FNF:7
FNH:7
FNDA:6,(anonymous_0)
FNDA:3,(anonymous_1)
FNDA:3,(anonymous_2)
FNDA:3,(anonymous_3)
FNDA:3,(anonymous_4)
FNDA:9,(anonymous_5)
FNDA:15,(anonymous_6)
DA:8,9
DA:12,9
DA:13,6
DA:15,9
DA:16,3
DA:17,3
DA:25,9
DA:26,3
DA:27,3
DA:28,3
DA:29,3
DA:30,3
DA:31,3
DA:32,9
DA:33,0
DA:35,9
DA:39,6
DA:44,3
DA:45,3
DA:46,3
DA:53,15
DA:55,15
DA:82,2
DA:114,2
LF:24
LH:23
BRDA:13,0,0,3
BRDA:13,0,1,3
BRDA:32,1,0,0
BRDA:32,1,1,9
BRDA:35,2,0,6
BRDA:35,2,1,3
BRDA:36,3,0,9
BRDA:36,3,1,9
BRDA:60,4,0,14
BRDA:60,4,1,1
BRF:10
BRH:9
end_of_record
