TN:
SF:src/components/DropDown/dropDown.jsx
FN:16,(anonymous_0)
FN:24,(anonymous_1)
FN:29,(anonymous_2)
FN:38,(anonymous_3)
FN:45,(anonymous_4)
FN:48,(anonymous_5)
FN:54,(anonymous_6)
FN:83,(anonymous_7)
FN:88,(anonymous_8)
FNF:9
FNH:9
FNDA:1,(anonymous_0)
FNDA:3,(anonymous_1)
FNDA:3,(anonymous_2)
FNDA:4,(anonymous_3)
FNDA:18,(anonymous_4)
FNDA:6,(anonymous_5)
FNDA:16,(anonymous_6)
FNDA:18,(anonymous_7)
FNDA:2,(anonymous_8)
DA:9,8
DA:16,8
DA:17,1
DA:24,8
DA:26,3
DA:27,3
DA:29,3
DA:31,3
DA:38,8
DA:39,4
DA:45,8
DA:46,18
DA:47,18
DA:48,6
DA:55,16
DA:56,16
DA:57,16
DA:58,16
DA:61,16
DA:84,18
DA:89,2
DA:111,1
DA:138,1
LF:23
LH:23
BRDA:57,0,0,1
BRDA:57,0,1,15
BRDA:58,1,0,3
BRDA:58,1,1,13
BRDA:70,2,0,6
BRDA:70,2,1,10
BRDA:74,3,0,16
BRDA:74,3,1,6
BRDA:95,4,0,2
BRDA:95,4,1,16
BRF:10
BRH:10
end_of_record
